20:49:13 [Timer-0] DEBUG: Debug Time: 1721756953003
20:49:13 [Timer-0] INFO : Info Time: 1721756953021
20:49:13 [Timer-0] ERROR: Error Time: 1721756953022
20:49:14 [Timer-0] DEBUG: Debug Time: 1721756954003
20:49:15 [Timer-0] DEBUG: Debug Time: 1721756955005
20:49:16 [Timer-0] DEBUG: Debug Time: 1721756956003
20:49:17 [Timer-0] DEBUG: Debug Time: 1721756957016
20:49:18 [Timer-0] DEBUG: Debug Time: 1721756958004
20:49:19 [Timer-0] DEBUG: Debug Time: 1721756959003
20:49:20 [Timer-0] DEBUG: Debug Time: 1721756960012
20:49:21 [Timer-0] DEBUG: Debug Time: 1721756961003
20:49:22 [Timer-0] DEBUG: Debug Time: 1721756962007
20:49:23 [Timer-0] DEBUG: Debug Time: 1721756963003
20:49:24 [Timer-0] DEBUG: Debug Time: 1721756964016
20:49:25 [Timer-0] DEBUG: Debug Time: 1721756965004
20:49:26 [Timer-0] DEBUG: Debug Time: 1721756966004
20:49:27 [Timer-0] DEBUG: Debug Time: 1721756967003
20:49:28 [Timer-0] DEBUG: Debug Time: 1721756968012
20:49:29 [Timer-0] DEBUG: Debug Time: 1721756969004
20:49:30 [Timer-0] DEBUG: Debug Time: 1721756970004
20:49:31 [Timer-0] DEBUG: Debug Time: 1721756971003
20:49:32 [Timer-0] DEBUG: Debug Time: 1721756972009
20:49:33 [Timer-0] DEBUG: Debug Time: 1721756973004
20:49:34 [Timer-0] DEBUG: Debug Time: 1721756974008
20:49:35 [Timer-0] DEBUG: Debug Time: 1721756975003
20:49:36 [Timer-0] DEBUG: Debug Time: 1721756976005
20:49:37 [Timer-0] DEBUG: Debug Time: 1721756977003
20:49:38 [Timer-0] DEBUG: Debug Time: 1721756978011
20:49:39 [Timer-0] DEBUG: Debug Time: 1721756979003
20:49:46 [Timer-0] DEBUG: Debug Time: 1721756986736
20:49:46 [Timer-0] INFO : Info Time: 1721756986751
20:49:46 [Timer-0] ERROR: Error Time: 1721756986751
20:49:47 [Timer-0] DEBUG: Debug Time: 1721756987736
20:49:48 [Timer-0] DEBUG: Debug Time: 1721756988748
20:49:49 [Timer-0] DEBUG: Debug Time: 1721756989737
20:49:50 [Timer-0] DEBUG: Debug Time: 1721756990736
20:49:51 [Timer-0] DEBUG: Debug Time: 1721756991750
20:49:52 [Timer-0] DEBUG: Debug Time: 1721756991962
20:49:52 [Timer-0] INFO : Info Time: 1721756992022
20:49:52 [Timer-0] ERROR: Error Time: 1721756992023
20:49:52 [Timer-0] DEBUG: Debug Time: 1721756992736
20:49:52 [Timer-0] DEBUG: Debug Time: 1721756992961
20:49:53 [Timer-0] DEBUG: Debug Time: 1721756993749
20:49:53 [Timer-0] DEBUG: Debug Time: 1721756993965
20:49:54 [Timer-0] DEBUG: Debug Time: 1721756994737
20:49:54 [Timer-0] DEBUG: Debug Time: 1721756994961
20:49:55 [Timer-0] DEBUG: Debug Time: 1721756995736
20:49:55 [Timer-0] DEBUG: Debug Time: 1721756995972
20:49:56 [Timer-0] DEBUG: Debug Time: 1721756996747
20:49:56 [Timer-0] DEBUG: Debug Time: 1721756996961
20:49:57 [Timer-0] DEBUG: Debug Time: 1721756997737
20:49:57 [Timer-0] DEBUG: Debug Time: 1721756997962
20:49:58 [Timer-0] DEBUG: Debug Time: 1721756998737
20:49:58 [Timer-0] DEBUG: Debug Time: 1721756998961
20:49:59 [Timer-0] DEBUG: Debug Time: 1721756999737
20:49:59 [Timer-0] DEBUG: Debug Time: 1721756999965
20:50:00 [Timer-0] DEBUG: Debug Time: 1721757000737
20:50:00 [Timer-0] DEBUG: Debug Time: 1721757000961
20:50:01 [Timer-0] DEBUG: Debug Time: 1721757001736
20:50:01 [Timer-0] DEBUG: Debug Time: 1721757001974
20:50:02 [Timer-0] DEBUG: Debug Time: 1721757002736
20:50:02 [Timer-0] DEBUG: Debug Time: 1721757002963
20:50:03 [Timer-0] DEBUG: Debug Time: 1721757003750
20:50:03 [Timer-0] DEBUG: Debug Time: 1721757003962
20:50:04 [Timer-0] DEBUG: Debug Time: 1721757004737
20:50:04 [Timer-0] DEBUG: Debug Time: 1721757004961
20:50:05 [Timer-0] DEBUG: Debug Time: 1721757005736
20:50:05 [Timer-0] DEBUG: Debug Time: 1721757005962
20:50:06 [Timer-0] DEBUG: Debug Time: 1721757006740
20:50:07 [Timer-0] DEBUG: Debug Time: 1721757007737
20:50:08 [Timer-0] DEBUG: Debug Time: 1721757008737
20:54:22 [Timer-0] DEBUG: Debug Time: 20:54:22
20:54:22 [Timer-0] INFO : Info Time: 20:54:00
20:54:22 [Timer-0] ERROR: Error Time: 20:00:00
20:54:23 [Timer-0] DEBUG: Debug Time: 20:54:23
20:54:24 [Timer-0] DEBUG: Debug Time: 20:54:24
20:54:25 [Timer-0] DEBUG: Debug Time: 20:54:25
20:54:26 [Timer-0] DEBUG: Debug Time: 20:54:26
20:54:27 [Timer-0] DEBUG: Debug Time: 20:54:27
20:54:28 [Timer-0] DEBUG: Debug Time: 20:54:28
20:54:29 [Timer-0] DEBUG: Debug Time: 20:54:29
20:54:30 [Timer-0] DEBUG: Debug Time: 20:54:30
20:54:31 [Timer-0] DEBUG: Debug Time: 20:54:31
20:54:32 [Timer-0] DEBUG: Debug Time: 20:54:32
20:54:33 [Timer-0] DEBUG: Debug Time: 20:54:33
20:54:34 [Timer-0] DEBUG: Debug Time: 20:54:34
20:54:35 [Timer-0] DEBUG: Debug Time: 20:54:35
20:54:36 [Timer-0] DEBUG: Debug Time: 20:54:36
20:54:37 [Timer-0] DEBUG: Debug Time: 20:54:37
20:54:38 [Timer-0] DEBUG: Debug Time: 20:54:38
20:54:39 [Timer-0] DEBUG: Debug Time: 20:54:39
20:54:40 [Timer-0] DEBUG: Debug Time: 20:54:40
20:54:41 [Timer-0] DEBUG: Debug Time: 20:54:41
20:54:42 [Timer-0] DEBUG: Debug Time: 20:54:42
20:54:43 [Timer-0] DEBUG: Debug Time: 20:54:43
20:54:44 [Timer-0] DEBUG: Debug Time: 20:54:44
20:54:45 [Timer-0] DEBUG: Debug Time: 20:54:45
20:54:46 [Timer-0] DEBUG: Debug Time: 20:54:46
20:54:47 [Timer-0] DEBUG: Debug Time: 20:54:47
20:54:48 [Timer-0] DEBUG: Debug Time: 20:54:48
20:54:49 [Timer-0] DEBUG: Debug Time: 20:54:49
20:54:50 [Timer-0] DEBUG: Debug Time: 20:54:50
20:54:51 [Timer-0] DEBUG: Debug Time: 20:54:51
20:54:52 [Timer-0] DEBUG: Debug Time: 20:54:52
20:54:53 [Timer-0] DEBUG: Debug Time: 20:54:53
20:54:54 [Timer-0] DEBUG: Debug Time: 20:54:54
20:54:55 [Timer-0] DEBUG: Debug Time: 20:54:55
20:54:56 [Timer-0] DEBUG: Debug Time: 20:54:56
20:54:57 [Timer-0] DEBUG: Debug Time: 20:54:57
20:54:58 [Timer-0] DEBUG: Debug Time: 20:54:58
20:54:59 [Timer-0] DEBUG: Debug Time: 20:54:59
20:55:00 [Timer-0] DEBUG: Debug Time: 20:55:00
20:55:01 [Timer-0] DEBUG: Debug Time: 20:55:01
20:55:02 [Timer-0] DEBUG: Debug Time: 20:55:02
20:55:03 [Timer-0] DEBUG: Debug Time: 20:55:03
20:55:04 [Timer-0] DEBUG: Debug Time: 20:55:04
20:55:05 [Timer-0] DEBUG: Debug Time: 20:55:05
20:55:06 [Timer-0] DEBUG: Debug Time: 20:55:06
20:55:07 [Timer-0] DEBUG: Debug Time: 20:55:07
20:55:08 [Timer-0] DEBUG: Debug Time: 20:55:08
20:55:09 [Timer-0] DEBUG: Debug Time: 20:55:09
20:55:10 [Timer-0] DEBUG: Debug Time: 20:55:10
20:55:11 [Timer-0] DEBUG: Debug Time: 20:55:11
20:55:12 [Timer-0] DEBUG: Debug Time: 20:55:12
20:55:13 [Timer-0] DEBUG: Debug Time: 20:55:13
20:55:14 [Timer-0] DEBUG: Debug Time: 20:55:14
20:55:15 [Timer-0] DEBUG: Debug Time: 20:55:15
20:55:16 [Timer-0] DEBUG: Debug Time: 20:55:16
20:55:17 [Timer-0] DEBUG: Debug Time: 20:55:17
20:55:18 [Timer-0] DEBUG: Debug Time: 20:55:18
20:55:19 [Timer-0] DEBUG: Debug Time: 20:55:19
20:55:20 [Timer-0] DEBUG: Debug Time: 20:55:20
20:55:21 [Timer-0] DEBUG: Debug Time: 20:55:21
20:55:22 [Timer-0] DEBUG: Debug Time: 20:55:22
20:55:22 [Timer-0] INFO : Info Time: 20:55:00
20:55:23 [Timer-0] DEBUG: Debug Time: 20:55:23
20:55:24 [Timer-0] DEBUG: Debug Time: 20:55:24
20:55:25 [Timer-0] DEBUG: Debug Time: 20:55:25
20:55:26 [Timer-0] DEBUG: Debug Time: 20:55:26
20:55:27 [Timer-0] DEBUG: Debug Time: 20:55:27
20:55:28 [Timer-0] DEBUG: Debug Time: 20:55:28
20:55:29 [Timer-0] DEBUG: Debug Time: 20:55:29
20:55:30 [Timer-0] DEBUG: Debug Time: 20:55:30
20:55:31 [Timer-0] DEBUG: Debug Time: 20:55:31
20:55:32 [Timer-0] DEBUG: Debug Time: 20:55:32
20:55:33 [Timer-0] DEBUG: Debug Time: 20:55:33
20:55:34 [Timer-0] DEBUG: Debug Time: 20:55:34
20:55:35 [Timer-0] DEBUG: Debug Time: 20:55:35
20:55:36 [Timer-0] DEBUG: Debug Time: 20:55:36
20:55:37 [Timer-0] DEBUG: Debug Time: 20:55:37
20:55:38 [Timer-0] DEBUG: Debug Time: 20:55:38
20:55:39 [Timer-0] DEBUG: Debug Time: 20:55:39
20:55:40 [Timer-0] DEBUG: Debug Time: 20:55:40
20:55:41 [Timer-0] DEBUG: Debug Time: 20:55:41
20:55:42 [Timer-0] DEBUG: Debug Time: 20:55:42
20:55:43 [Timer-0] DEBUG: Debug Time: 20:55:43
20:55:44 [Timer-0] DEBUG: Debug Time: 20:55:44
20:55:45 [Timer-0] DEBUG: Debug Time: 20:55:45
20:55:46 [Timer-0] DEBUG: Debug Time: 20:55:46
20:55:47 [Timer-0] DEBUG: Debug Time: 20:55:47
20:55:48 [Timer-0] DEBUG: Debug Time: 20:55:48
20:55:49 [Timer-0] DEBUG: Debug Time: 20:55:49
20:55:50 [Timer-0] DEBUG: Debug Time: 20:55:50
20:55:51 [Timer-0] DEBUG: Debug Time: 20:55:51
20:55:52 [Timer-0] DEBUG: Debug Time: 20:55:52
20:55:53 [Timer-0] DEBUG: Debug Time: 20:55:53
20:55:54 [Timer-0] DEBUG: Debug Time: 20:55:54
20:55:55 [Timer-0] DEBUG: Debug Time: 20:55:55
20:55:56 [Timer-0] DEBUG: Debug Time: 20:55:56
20:55:57 [Timer-0] DEBUG: Debug Time: 20:55:57
20:55:58 [Timer-0] DEBUG: Debug Time: 20:55:58
20:55:59 [Timer-0] DEBUG: Debug Time: 20:55:59
20:56:00 [Timer-0] DEBUG: Debug Time: 20:56:00
20:56:01 [Timer-0] DEBUG: Debug Time: 20:56:01
20:56:02 [Timer-0] DEBUG: Debug Time: 20:56:02
20:56:03 [Timer-0] DEBUG: Debug Time: 20:56:03
20:56:04 [Timer-0] DEBUG: Debug Time: 20:56:04
20:56:05 [Timer-0] DEBUG: Debug Time: 20:56:05
20:56:06 [Timer-0] DEBUG: Debug Time: 20:56:06
20:56:07 [Timer-0] DEBUG: Debug Time: 20:56:07
20:56:08 [Timer-0] DEBUG: Debug Time: 20:56:08
20:56:09 [Timer-0] DEBUG: Debug Time: 20:56:09
20:56:10 [Timer-0] DEBUG: Debug Time: 20:56:10
20:56:11 [Timer-0] DEBUG: Debug Time: 20:56:11
20:56:12 [Timer-0] DEBUG: Debug Time: 20:56:12
20:56:13 [Timer-0] DEBUG: Debug Time: 20:56:13
20:56:14 [Timer-0] DEBUG: Debug Time: 20:56:14
20:56:15 [Timer-0] DEBUG: Debug Time: 20:56:15
20:56:16 [Timer-0] DEBUG: Debug Time: 20:56:16
20:56:17 [Timer-0] DEBUG: Debug Time: 20:56:17
20:56:18 [Timer-0] DEBUG: Debug Time: 20:56:18
20:56:19 [Timer-0] DEBUG: Debug Time: 20:56:19
20:56:20 [Timer-0] DEBUG: Debug Time: 20:56:20
20:56:21 [Timer-0] DEBUG: Debug Time: 20:56:21
20:56:22 [Timer-0] DEBUG: Debug Time: 20:56:22
20:56:22 [Timer-0] INFO : Info Time: 20:56:00
20:56:23 [Timer-0] DEBUG: Debug Time: 20:56:23
20:56:24 [Timer-0] DEBUG: Debug Time: 20:56:24
20:56:25 [Timer-0] DEBUG: Debug Time: 20:56:25
20:56:26 [Timer-0] DEBUG: Debug Time: 20:56:26
20:56:27 [Timer-0] DEBUG: Debug Time: 20:56:27
20:56:28 [Timer-0] DEBUG: Debug Time: 20:56:28
20:56:29 [Timer-0] DEBUG: Debug Time: 20:56:29
20:56:30 [Timer-0] DEBUG: Debug Time: 20:56:30
20:56:31 [Timer-0] DEBUG: Debug Time: 20:56:31
20:56:32 [Timer-0] DEBUG: Debug Time: 20:56:32
20:56:33 [Timer-0] DEBUG: Debug Time: 20:56:33
20:56:34 [Timer-0] DEBUG: Debug Time: 20:56:34
20:56:35 [Timer-0] DEBUG: Debug Time: 20:56:35
20:56:36 [Timer-0] DEBUG: Debug Time: 20:56:36
20:56:37 [Timer-0] DEBUG: Debug Time: 20:56:37
20:56:38 [Timer-0] DEBUG: Debug Time: 20:56:38
20:56:39 [Timer-0] DEBUG: Debug Time: 20:56:39
20:56:40 [Timer-0] DEBUG: Debug Time: 20:56:40
20:56:41 [Timer-0] DEBUG: Debug Time: 20:56:41
20:56:42 [Timer-0] DEBUG: Debug Time: 20:56:42
20:56:43 [Timer-0] DEBUG: Debug Time: 20:56:43
20:56:44 [Timer-0] DEBUG: Debug Time: 20:56:44
20:56:45 [Timer-0] DEBUG: Debug Time: 20:56:45
20:56:46 [Timer-0] DEBUG: Debug Time: 20:56:46
20:56:47 [Timer-0] DEBUG: Debug Time: 20:56:47
20:56:48 [Timer-0] DEBUG: Debug Time: 20:56:48
20:56:49 [Timer-0] DEBUG: Debug Time: 20:56:49
20:56:50 [Timer-0] DEBUG: Debug Time: 20:56:50
20:56:51 [Timer-0] DEBUG: Debug Time: 20:56:51
20:56:52 [Timer-0] DEBUG: Debug Time: 20:56:52
20:56:53 [Timer-0] DEBUG: Debug Time: 20:56:53
20:56:54 [Timer-0] DEBUG: Debug Time: 20:56:54
20:56:55 [Timer-0] DEBUG: Debug Time: 20:56:55
20:56:56 [Timer-0] DEBUG: Debug Time: 20:56:56
20:56:57 [Timer-0] DEBUG: Debug Time: 20:56:57
20:56:58 [Timer-0] DEBUG: Debug Time: 20:56:58
20:56:59 [Timer-0] DEBUG: Debug Time: 20:56:59
20:57:00 [Timer-0] DEBUG: Debug Time: 20:57:00
20:57:01 [Timer-0] DEBUG: Debug Time: 20:57:01
20:57:02 [Timer-0] DEBUG: Debug Time: 20:57:02
20:57:03 [Timer-0] DEBUG: Debug Time: 20:57:03
20:57:04 [Timer-0] DEBUG: Debug Time: 20:57:04
20:57:05 [Timer-0] DEBUG: Debug Time: 20:57:05
20:57:06 [Timer-0] DEBUG: Debug Time: 20:57:06
20:57:07 [Timer-0] DEBUG: Debug Time: 20:57:07
20:57:08 [Timer-0] DEBUG: Debug Time: 20:57:08
20:57:09 [Timer-0] DEBUG: Debug Time: 20:57:09
20:57:10 [Timer-0] DEBUG: Debug Time: 20:57:10
20:57:11 [Timer-0] DEBUG: Debug Time: 20:57:11
20:57:12 [Timer-0] DEBUG: Debug Time: 20:57:12
20:57:13 [Timer-0] DEBUG: Debug Time: 20:57:13
20:57:14 [Timer-0] DEBUG: Debug Time: 20:57:14
20:57:15 [Timer-0] DEBUG: Debug Time: 20:57:15
20:57:16 [Timer-0] DEBUG: Debug Time: 20:57:16
20:57:17 [Timer-0] DEBUG: Debug Time: 20:57:17
20:57:18 [Timer-0] DEBUG: Debug Time: 20:57:18
20:57:19 [Timer-0] DEBUG: Debug Time: 20:57:19
20:57:20 [Timer-0] DEBUG: Debug Time: 20:57:20
20:57:21 [Timer-0] DEBUG: Debug Time: 20:57:21
20:57:22 [Timer-0] DEBUG: Debug Time: 20:57:22
20:57:22 [Timer-0] INFO : Info Time: 20:57:00
20:57:23 [Timer-0] DEBUG: Debug Time: 20:57:23
20:57:24 [Timer-0] DEBUG: Debug Time: 20:57:24
20:57:25 [Timer-0] DEBUG: Debug Time: 20:57:25
20:57:26 [Timer-0] DEBUG: Debug Time: 20:57:26
20:57:27 [Timer-0] DEBUG: Debug Time: 20:57:27
20:57:28 [Timer-0] DEBUG: Debug Time: 20:57:28
20:57:29 [Timer-0] DEBUG: Debug Time: 20:57:29
20:57:30 [Timer-0] DEBUG: Debug Time: 20:57:30
20:57:31 [Timer-0] DEBUG: Debug Time: 20:57:31
20:57:32 [Timer-0] DEBUG: Debug Time: 20:57:32
20:57:33 [Timer-0] DEBUG: Debug Time: 20:57:33
20:57:34 [Timer-0] DEBUG: Debug Time: 20:57:34
20:57:35 [Timer-0] DEBUG: Debug Time: 20:57:35
20:57:36 [Timer-0] DEBUG: Debug Time: 20:57:36
20:57:37 [Timer-0] DEBUG: Debug Time: 20:57:37
20:57:38 [Timer-0] DEBUG: Debug Time: 20:57:38
20:57:39 [Timer-0] DEBUG: Debug Time: 20:57:39
20:57:40 [Timer-0] DEBUG: Debug Time: 20:57:40
20:57:41 [Timer-0] DEBUG: Debug Time: 20:57:41
20:57:42 [Timer-0] DEBUG: Debug Time: 20:57:42
20:57:43 [Timer-0] DEBUG: Debug Time: 20:57:43
20:57:44 [Timer-0] DEBUG: Debug Time: 20:57:44
20:57:45 [Timer-0] DEBUG: Debug Time: 20:57:45
20:57:46 [Timer-0] DEBUG: Debug Time: 20:57:46
20:57:47 [Timer-0] DEBUG: Debug Time: 20:57:47
20:57:48 [Timer-0] DEBUG: Debug Time: 20:57:48
20:57:49 [Timer-0] DEBUG: Debug Time: 20:57:49
20:57:50 [Timer-0] DEBUG: Debug Time: 20:57:50
20:57:51 [Timer-0] DEBUG: Debug Time: 20:57:51
20:57:52 [Timer-0] DEBUG: Debug Time: 20:57:52
20:57:53 [Timer-0] DEBUG: Debug Time: 20:57:53
20:57:54 [Timer-0] DEBUG: Debug Time: 20:57:54
20:57:55 [Timer-0] DEBUG: Debug Time: 20:57:55
20:57:56 [Timer-0] DEBUG: Debug Time: 20:57:56
20:57:57 [Timer-0] DEBUG: Debug Time: 20:57:57
20:57:58 [Timer-0] DEBUG: Debug Time: 20:57:58
20:57:59 [Timer-0] DEBUG: Debug Time: 20:57:59
20:58:00 [Timer-0] DEBUG: Debug Time: 20:58:00
20:58:01 [Timer-0] DEBUG: Debug Time: 20:58:01
20:58:02 [Timer-0] DEBUG: Debug Time: 20:58:02
20:58:03 [Timer-0] DEBUG: Debug Time: 20:58:03
20:58:04 [Timer-0] DEBUG: Debug Time: 20:58:04
20:58:05 [Timer-0] DEBUG: Debug Time: 20:58:05
20:58:06 [Timer-0] DEBUG: Debug Time: 20:58:06
20:58:07 [Timer-0] DEBUG: Debug Time: 20:58:07
20:58:08 [Timer-0] DEBUG: Debug Time: 20:58:08
20:58:09 [Timer-0] DEBUG: Debug Time: 20:58:09
20:58:10 [Timer-0] DEBUG: Debug Time: 20:58:10
20:58:11 [Timer-0] DEBUG: Debug Time: 20:58:11
20:58:12 [Timer-0] DEBUG: Debug Time: 20:58:12
20:58:13 [Timer-0] DEBUG: Debug Time: 20:58:13
20:58:14 [Timer-0] DEBUG: Debug Time: 20:58:14
20:58:15 [Timer-0] DEBUG: Debug Time: 20:58:15
20:58:16 [Timer-0] DEBUG: Debug Time: 20:58:16
20:58:17 [Timer-0] DEBUG: Debug Time: 20:58:17
20:58:18 [Timer-0] DEBUG: Debug Time: 20:58:18
20:58:19 [Timer-0] DEBUG: Debug Time: 20:58:19
20:58:20 [Timer-0] DEBUG: Debug Time: 20:58:20
20:58:21 [Timer-0] DEBUG: Debug Time: 20:58:21
20:58:22 [Timer-0] DEBUG: Debug Time: 20:58:22
20:58:22 [Timer-0] INFO : Info Time: 20:58:00
20:58:23 [Timer-0] DEBUG: Debug Time: 20:58:23
20:58:24 [Timer-0] DEBUG: Debug Time: 20:58:24
20:58:25 [Timer-0] DEBUG: Debug Time: 20:58:25
20:58:26 [Timer-0] DEBUG: Debug Time: 20:58:26
20:58:27 [Timer-0] DEBUG: Debug Time: 20:58:27
20:58:28 [Timer-0] DEBUG: Debug Time: 20:58:28
20:58:29 [Timer-0] DEBUG: Debug Time: 20:58:29
20:58:30 [Timer-0] DEBUG: Debug Time: 20:58:30
20:58:31 [Timer-0] DEBUG: Debug Time: 20:58:31
20:58:32 [Timer-0] DEBUG: Debug Time: 20:58:32
20:58:33 [Timer-0] DEBUG: Debug Time: 20:58:33
20:58:34 [Timer-0] DEBUG: Debug Time: 20:58:34
20:58:35 [Timer-0] DEBUG: Debug Time: 20:58:35
20:58:36 [Timer-0] DEBUG: Debug Time: 20:58:36
20:58:37 [Timer-0] DEBUG: Debug Time: 20:58:37
20:58:38 [Timer-0] DEBUG: Debug Time: 20:58:38
20:58:39 [Timer-0] DEBUG: Debug Time: 20:58:39
20:58:40 [Timer-0] DEBUG: Debug Time: 20:58:40
20:58:41 [Timer-0] DEBUG: Debug Time: 20:58:41
20:58:42 [Timer-0] DEBUG: Debug Time: 20:58:42
20:58:43 [Timer-0] DEBUG: Debug Time: 20:58:43
20:58:44 [Timer-0] DEBUG: Debug Time: 20:58:44
20:58:45 [Timer-0] DEBUG: Debug Time: 20:58:45
20:58:46 [Timer-0] DEBUG: Debug Time: 20:58:46
20:58:47 [Timer-0] DEBUG: Debug Time: 20:58:47
20:58:48 [Timer-0] DEBUG: Debug Time: 20:58:48
20:58:49 [Timer-0] DEBUG: Debug Time: 20:58:49
20:58:50 [Timer-0] DEBUG: Debug Time: 20:58:50
20:58:51 [Timer-0] DEBUG: Debug Time: 20:58:51
20:58:52 [Timer-0] DEBUG: Debug Time: 20:58:52
20:58:53 [Timer-0] DEBUG: Debug Time: 20:58:53
20:58:54 [Timer-0] DEBUG: Debug Time: 20:58:54
20:58:55 [Timer-0] DEBUG: Debug Time: 20:58:55
20:58:56 [Timer-0] DEBUG: Debug Time: 20:58:56
20:58:57 [Timer-0] DEBUG: Debug Time: 20:58:57
20:58:58 [Timer-0] DEBUG: Debug Time: 20:58:58
20:58:59 [Timer-0] DEBUG: Debug Time: 20:58:59
20:59:00 [Timer-0] DEBUG: Debug Time: 20:59:00
20:59:01 [Timer-0] DEBUG: Debug Time: 20:59:01
20:59:02 [Timer-0] DEBUG: Debug Time: 20:59:02
20:59:03 [Timer-0] DEBUG: Debug Time: 20:59:03
20:59:04 [Timer-0] DEBUG: Debug Time: 20:59:04
20:59:05 [Timer-0] DEBUG: Debug Time: 20:59:05
20:59:06 [Timer-0] DEBUG: Debug Time: 20:59:06
20:59:07 [Timer-0] DEBUG: Debug Time: 20:59:07
20:59:08 [Timer-0] DEBUG: Debug Time: 20:59:08
20:59:09 [Timer-0] DEBUG: Debug Time: 20:59:09
20:59:10 [Timer-0] DEBUG: Debug Time: 20:59:10
20:59:11 [Timer-0] DEBUG: Debug Time: 20:59:11
20:59:12 [Timer-0] DEBUG: Debug Time: 20:59:12
20:59:13 [Timer-0] DEBUG: Debug Time: 20:59:13
20:59:14 [Timer-0] DEBUG: Debug Time: 20:59:14
20:59:15 [Timer-0] DEBUG: Debug Time: 20:59:15
20:59:16 [Timer-0] DEBUG: Debug Time: 20:59:16
20:59:17 [Timer-0] DEBUG: Debug Time: 20:59:17
20:59:18 [Timer-0] DEBUG: Debug Time: 20:59:18
20:59:19 [Timer-0] DEBUG: Debug Time: 20:59:19
20:59:20 [Timer-0] DEBUG: Debug Time: 20:59:20
20:59:21 [Timer-0] DEBUG: Debug Time: 20:59:21
20:59:22 [Timer-0] DEBUG: Debug Time: 20:59:22
20:59:22 [Timer-0] INFO : Info Time: 20:59:00
20:59:23 [Timer-0] DEBUG: Debug Time: 20:59:23
20:59:24 [Timer-0] DEBUG: Debug Time: 20:59:24
20:59:25 [Timer-0] DEBUG: Debug Time: 20:59:25
20:59:26 [Timer-0] DEBUG: Debug Time: 20:59:26
20:59:27 [Timer-0] DEBUG: Debug Time: 20:59:27
20:59:28 [Timer-0] DEBUG: Debug Time: 20:59:28
20:59:29 [Timer-0] DEBUG: Debug Time: 20:59:29
20:59:30 [Timer-0] DEBUG: Debug Time: 20:59:30
20:59:31 [Timer-0] DEBUG: Debug Time: 20:59:31
20:59:32 [Timer-0] DEBUG: Debug Time: 20:59:32
20:59:33 [Timer-0] DEBUG: Debug Time: 20:59:33
20:59:34 [Timer-0] DEBUG: Debug Time: 20:59:34
20:59:35 [Timer-0] DEBUG: Debug Time: 20:59:35
20:59:36 [Timer-0] DEBUG: Debug Time: 20:59:36
20:59:37 [Timer-0] DEBUG: Debug Time: 20:59:37
20:59:38 [Timer-0] DEBUG: Debug Time: 20:59:38
20:59:39 [Timer-0] DEBUG: Debug Time: 20:59:39
20:59:40 [Timer-0] DEBUG: Debug Time: 20:59:40
20:59:41 [Timer-0] DEBUG: Debug Time: 20:59:41
20:59:42 [Timer-0] DEBUG: Debug Time: 20:59:42
20:59:43 [Timer-0] DEBUG: Debug Time: 20:59:43
20:59:44 [Timer-0] DEBUG: Debug Time: 20:59:44
20:59:45 [Timer-0] DEBUG: Debug Time: 20:59:45
20:59:46 [Timer-0] DEBUG: Debug Time: 20:59:46
20:59:47 [Timer-0] DEBUG: Debug Time: 20:59:47
20:59:48 [Timer-0] DEBUG: Debug Time: 20:59:48
20:59:49 [Timer-0] DEBUG: Debug Time: 20:59:49
20:59:50 [Timer-0] DEBUG: Debug Time: 20:59:50
20:59:51 [Timer-0] DEBUG: Debug Time: 20:59:51
20:59:52 [Timer-0] DEBUG: Debug Time: 20:59:52
20:59:53 [Timer-0] DEBUG: Debug Time: 20:59:53
20:59:54 [Timer-0] DEBUG: Debug Time: 20:59:54
20:59:55 [Timer-0] DEBUG: Debug Time: 20:59:55
20:59:56 [Timer-0] DEBUG: Debug Time: 20:59:56
20:59:57 [Timer-0] DEBUG: Debug Time: 20:59:57
20:59:58 [Timer-0] DEBUG: Debug Time: 20:59:58
20:59:59 [Timer-0] DEBUG: Debug Time: 20:59:59
21:00:00 [Timer-0] DEBUG: Debug Time: 21:00:00
21:00:01 [Timer-0] DEBUG: Debug Time: 21:00:01
21:00:02 [Timer-0] DEBUG: Debug Time: 21:00:02
21:00:03 [Timer-0] DEBUG: Debug Time: 21:00:03
21:00:04 [Timer-0] DEBUG: Debug Time: 21:00:04
21:00:05 [Timer-0] DEBUG: Debug Time: 21:00:05
21:00:06 [Timer-0] DEBUG: Debug Time: 21:00:06
21:00:07 [Timer-0] DEBUG: Debug Time: 21:00:07
21:00:08 [Timer-0] DEBUG: Debug Time: 21:00:08
21:00:09 [Timer-0] DEBUG: Debug Time: 21:00:09
21:00:10 [Timer-0] DEBUG: Debug Time: 21:00:10
21:00:11 [Timer-0] DEBUG: Debug Time: 21:00:11
21:00:12 [Timer-0] DEBUG: Debug Time: 21:00:12
21:00:13 [Timer-0] DEBUG: Debug Time: 21:00:13
21:00:14 [Timer-0] DEBUG: Debug Time: 21:00:14
21:00:15 [Timer-0] DEBUG: Debug Time: 21:00:15
21:00:16 [Timer-0] DEBUG: Debug Time: 21:00:16
21:00:17 [Timer-0] DEBUG: Debug Time: 21:00:17
21:00:18 [Timer-0] DEBUG: Debug Time: 21:00:18
21:00:19 [Timer-0] DEBUG: Debug Time: 21:00:19
